17-09-2024 14:56:25 info: Cron Running 
17-09-2024 14:56:25 info: Calling cron send msg every 5 seconds
17-09-2024 14:56:25 info: [select query select_cdr_1 request] : SELECT dst,id FROM obd_cdr_2 WHERE user_id = '8' and sms_status = 'N' and disposition = 'ANSWERED' and billsec >= 7
17-09-2024 14:56:25 info: [SQL QUERY] : SELECT dst,id FROM obd_cdr_2 WHERE user_id = '8' and sms_status = 'N' and disposition = 'ANSWERED' and billsec >= 7
17-09-2024 14:56:25 info: [select query select_cdr_1 request] : SELECT dst,id FROM obd_cdr_1 WHERE user_id = '8' and sms_status = 'N' and disposition = 'ANSWERED' and billsec >= 7
17-09-2024 14:56:25 info: [SQL QUERY] : SELECT dst,id FROM obd_cdr_1 WHERE user_id = '8' and sms_status = 'N' and disposition = 'ANSWERED' and billsec >= 7
17-09-2024 14:56:25 info: [SQL QUERY RESULT] : []
17-09-2024 14:56:25 info: [select query select_cdr_1_result response] : []
17-09-2024 14:56:25 info: [SQL QUERY RESULT] : []
17-09-2024 14:56:25 info: [select query select_cdr_1_result response] : []
17-09-2024 14:56:27 info: [API REQUEST] /site_menu/product_header - {} - {"host":"localhost:10023","accept":"*/*","accept-encoding":"deflate, gzip, br","authorization":"Bearer eyJhbGciOiJIUzI1NiIsInR5cCI6IkpXVCJ9.eyJ1c2VybmFtZSI6ImFkbWluIiwidXNlcl9wYXNzd29yZCI6IllKdEAxMjMjIiwiaWF0IjoxNzI2NTY0NzE5LCJleHAiOjE3MjcxNjk1MTl9.-grPpJbwRoVhRPLolO9pHdq_XX5ojOuOn14wjXcN59c","content-type":"application/json"} - undefined
17-09-2024 14:56:27 info: [select query request] : SELECT * FROM user_management WHERE user_bearer_token = 'Bearer eyJhbGciOiJIUzI1NiIsInR5cCI6IkpXVCJ9.eyJ1c2VybmFtZSI6ImFkbWluIiwidXNlcl9wYXNzd29yZCI6IllKdEAxMjMjIiwiaWF0IjoxNzI2NTY0NzE5LCJleHAiOjE3MjcxNjk1MTl9.-grPpJbwRoVhRPLolO9pHdq_XX5ojOuOn14wjXcN59c' AND user_status IN ('N', 'R','Y')
17-09-2024 14:56:27 info: [SQL QUERY] : SELECT * FROM user_management WHERE user_bearer_token = 'Bearer eyJhbGciOiJIUzI1NiIsInR5cCI6IkpXVCJ9.eyJ1c2VybmFtZSI6ImFkbWluIiwidXNlcl9wYXNzd29yZCI6IllKdEAxMjMjIiwiaWF0IjoxNzI2NTY0NzE5LCJleHAiOjE3MjcxNjk1MTl9.-grPpJbwRoVhRPLolO9pHdq_XX5ojOuOn14wjXcN59c' AND user_status IN ('N', 'R','Y')
17-09-2024 14:56:27 info: [SQL QUERY RESULT] : [{"user_id":1,"user_master_id":1,"parent_id":1,"user_name":"admin","user_short_name":"adm1","api_key":"UOJ5HBT7IV1AXQ8","login_id":"admin","login_password":"e58a3754522a05c1ff4d231f8e8cc1bd","user_email":"admin@admin.com","user_mobile":"9000090000","user_bearer_token":"Bearer eyJhbGciOiJIUzI1NiIsInR5cCI6IkpXVCJ9.eyJ1c2VybmFtZSI6ImFkbWluIiwidXNlcl9wYXNzd29yZCI6IllKdEAxMjMjIiwiaWF0IjoxNzI2NTY0NzE5LCJleHAiOjE3MjcxNjk1MTl9.-grPpJbwRoVhRPLolO9pHdq_XX5ojOuOn14wjXcN59c","user_status":"Y","user_entry_date":"2023-09-07T20:58:13.000Z","rejected_comments":null,"logo_media":null}]
17-09-2024 14:56:27 info: [select query response] : [{"user_id":1,"user_master_id":1,"parent_id":1,"user_name":"admin","user_short_name":"adm1","api_key":"UOJ5HBT7IV1AXQ8","login_id":"admin","login_password":"e58a3754522a05c1ff4d231f8e8cc1bd","user_email":"admin@admin.com","user_mobile":"9000090000","user_bearer_token":"Bearer eyJhbGciOiJIUzI1NiIsInR5cCI6IkpXVCJ9.eyJ1c2VybmFtZSI6ImFkbWluIiwidXNlcl9wYXNzd29yZCI6IllKdEAxMjMjIiwiaWF0IjoxNzI2NTY0NzE5LCJleHAiOjE3MjcxNjk1MTl9.-grPpJbwRoVhRPLolO9pHdq_XX5ojOuOn14wjXcN59c","user_status":"Y","user_entry_date":"2023-09-07T20:58:13.000Z","rejected_comments":null,"logo_media":null}]
17-09-2024 14:56:27 info: [Validate user error] : JsonWebTokenError: secret or public key must be provided
17-09-2024 14:56:27 info: [update query request] : UPDATE user_log SET user_log_status = 'O',logout_time = CURRENT_TIMESTAMP WHERE  user_id = '1'
17-09-2024 14:56:27 info: [SQL QUERY] : UPDATE user_log SET user_log_status = 'O',logout_time = CURRENT_TIMESTAMP WHERE  user_id = '1'
17-09-2024 14:56:27 info: [SQL QUERY RESULT] : {"fieldCount":0,"affectedRows":48,"insertId":0,"info":"Rows matched: 48  Changed: 48  Warnings: 0","serverStatus":2,"warningStatus":0,"changedRows":48}
17-09-2024 14:56:27 info: [update query Response] : {"fieldCount":0,"affectedRows":48,"insertId":0,"info":"Rows matched: 48  Changed: 48  Warnings: 0","serverStatus":2,"warningStatus":0,"changedRows":48}
17-09-2024 14:56:27 info: [API RESPONSE] {"response_code":0,"response_status":403,"response_msg":"Token expired"}
17-09-2024 14:56:27 info: [API REQUEST] /site_menu/product_menu - {} - {"host":"localhost:10023","accept":"*/*","accept-encoding":"deflate, gzip, br","authorization":"Bearer eyJhbGciOiJIUzI1NiIsInR5cCI6IkpXVCJ9.eyJ1c2VybmFtZSI6ImFkbWluIiwidXNlcl9wYXNzd29yZCI6IllKdEAxMjMjIiwiaWF0IjoxNzI2NTY0NzE5LCJleHAiOjE3MjcxNjk1MTl9.-grPpJbwRoVhRPLolO9pHdq_XX5ojOuOn14wjXcN59c","content-type":"application/json"} - undefined
17-09-2024 14:56:27 info: [select query request] : SELECT * FROM user_management WHERE user_bearer_token = 'Bearer eyJhbGciOiJIUzI1NiIsInR5cCI6IkpXVCJ9.eyJ1c2VybmFtZSI6ImFkbWluIiwidXNlcl9wYXNzd29yZCI6IllKdEAxMjMjIiwiaWF0IjoxNzI2NTY0NzE5LCJleHAiOjE3MjcxNjk1MTl9.-grPpJbwRoVhRPLolO9pHdq_XX5ojOuOn14wjXcN59c' AND user_status IN ('N', 'R','Y')
17-09-2024 14:56:27 info: [SQL QUERY] : SELECT * FROM user_management WHERE user_bearer_token = 'Bearer eyJhbGciOiJIUzI1NiIsInR5cCI6IkpXVCJ9.eyJ1c2VybmFtZSI6ImFkbWluIiwidXNlcl9wYXNzd29yZCI6IllKdEAxMjMjIiwiaWF0IjoxNzI2NTY0NzE5LCJleHAiOjE3MjcxNjk1MTl9.-grPpJbwRoVhRPLolO9pHdq_XX5ojOuOn14wjXcN59c' AND user_status IN ('N', 'R','Y')
17-09-2024 14:56:27 info: [SQL QUERY RESULT] : [{"user_id":1,"user_master_id":1,"parent_id":1,"user_name":"admin","user_short_name":"adm1","api_key":"UOJ5HBT7IV1AXQ8","login_id":"admin","login_password":"e58a3754522a05c1ff4d231f8e8cc1bd","user_email":"admin@admin.com","user_mobile":"9000090000","user_bearer_token":"Bearer eyJhbGciOiJIUzI1NiIsInR5cCI6IkpXVCJ9.eyJ1c2VybmFtZSI6ImFkbWluIiwidXNlcl9wYXNzd29yZCI6IllKdEAxMjMjIiwiaWF0IjoxNzI2NTY0NzE5LCJleHAiOjE3MjcxNjk1MTl9.-grPpJbwRoVhRPLolO9pHdq_XX5ojOuOn14wjXcN59c","user_status":"Y","user_entry_date":"2023-09-07T20:58:13.000Z","rejected_comments":null,"logo_media":null}]
17-09-2024 14:56:27 info: [select query response] : [{"user_id":1,"user_master_id":1,"parent_id":1,"user_name":"admin","user_short_name":"adm1","api_key":"UOJ5HBT7IV1AXQ8","login_id":"admin","login_password":"e58a3754522a05c1ff4d231f8e8cc1bd","user_email":"admin@admin.com","user_mobile":"9000090000","user_bearer_token":"Bearer eyJhbGciOiJIUzI1NiIsInR5cCI6IkpXVCJ9.eyJ1c2VybmFtZSI6ImFkbWluIiwidXNlcl9wYXNzd29yZCI6IllKdEAxMjMjIiwiaWF0IjoxNzI2NTY0NzE5LCJleHAiOjE3MjcxNjk1MTl9.-grPpJbwRoVhRPLolO9pHdq_XX5ojOuOn14wjXcN59c","user_status":"Y","user_entry_date":"2023-09-07T20:58:13.000Z","rejected_comments":null,"logo_media":null}]
17-09-2024 14:56:27 info: [Validate user error] : JsonWebTokenError: secret or public key must be provided
17-09-2024 14:56:27 info: [update query request] : UPDATE user_log SET user_log_status = 'O',logout_time = CURRENT_TIMESTAMP WHERE  user_id = '1'
17-09-2024 14:56:27 info: [SQL QUERY] : UPDATE user_log SET user_log_status = 'O',logout_time = CURRENT_TIMESTAMP WHERE  user_id = '1'
17-09-2024 14:56:27 info: [SQL QUERY RESULT] : {"fieldCount":0,"affectedRows":48,"insertId":0,"info":"Rows matched: 48  Changed: 0  Warnings: 0","serverStatus":2,"warningStatus":0,"changedRows":0}
17-09-2024 14:56:27 info: [update query Response] : {"fieldCount":0,"affectedRows":48,"insertId":0,"info":"Rows matched: 48  Changed: 0  Warnings: 0","serverStatus":2,"warningStatus":0,"changedRows":0}
17-09-2024 14:56:27 info: [API RESPONSE] {"response_code":0,"response_status":403,"response_msg":"Token expired"}
17-09-2024 14:56:27 info: function push() { [native code] }
17-09-2024 14:56:30 info: Cron Running 
17-09-2024 14:56:30 info: Calling cron send msg every 5 seconds
17-09-2024 14:56:30 info: [select query select_cdr_1 request] : SELECT dst,id FROM obd_cdr_2 WHERE user_id = '8' and sms_status = 'N' and disposition = 'ANSWERED' and billsec >= 7
17-09-2024 14:56:30 info: [SQL QUERY] : SELECT dst,id FROM obd_cdr_2 WHERE user_id = '8' and sms_status = 'N' and disposition = 'ANSWERED' and billsec >= 7
17-09-2024 14:56:30 info: [select query select_cdr_1 request] : SELECT dst,id FROM obd_cdr_1 WHERE user_id = '8' and sms_status = 'N' and disposition = 'ANSWERED' and billsec >= 7
17-09-2024 14:56:30 info: [SQL QUERY] : SELECT dst,id FROM obd_cdr_1 WHERE user_id = '8' and sms_status = 'N' and disposition = 'ANSWERED' and billsec >= 7
17-09-2024 14:56:30 info: [SQL QUERY RESULT] : []
17-09-2024 14:56:30 info: [select query select_cdr_1_result response] : []
17-09-2024 14:56:30 info: [SQL QUERY RESULT] : []
17-09-2024 14:56:30 info: [select query select_cdr_1_result response] : []
17-09-2024 14:56:35 info: Cron Running 
17-09-2024 14:56:35 info: Calling cron send msg every 5 seconds
17-09-2024 14:56:35 info: [select query select_cdr_1 request] : SELECT dst,id FROM obd_cdr_2 WHERE user_id = '8' and sms_status = 'N' and disposition = 'ANSWERED' and billsec >= 7
17-09-2024 14:56:35 info: [SQL QUERY] : SELECT dst,id FROM obd_cdr_2 WHERE user_id = '8' and sms_status = 'N' and disposition = 'ANSWERED' and billsec >= 7
17-09-2024 14:56:35 info: [select query select_cdr_1 request] : SELECT dst,id FROM obd_cdr_1 WHERE user_id = '8' and sms_status = 'N' and disposition = 'ANSWERED' and billsec >= 7
17-09-2024 14:56:35 info: [SQL QUERY] : SELECT dst,id FROM obd_cdr_1 WHERE user_id = '8' and sms_status = 'N' and disposition = 'ANSWERED' and billsec >= 7
17-09-2024 14:56:35 info: [SQL QUERY RESULT] : []
17-09-2024 14:56:35 info: [select query select_cdr_1_result response] : []
17-09-2024 14:56:35 info: [SQL QUERY RESULT] : []
17-09-2024 14:56:35 info: [select query select_cdr_1_result response] : []
17-09-2024 14:56:40 info: Cron Running 
17-09-2024 14:56:40 info: Calling cron send msg every 5 seconds
17-09-2024 14:56:40 info: [select query select_cdr_1 request] : SELECT dst,id FROM obd_cdr_2 WHERE user_id = '8' and sms_status = 'N' and disposition = 'ANSWERED' and billsec >= 7
17-09-2024 14:56:40 info: [SQL QUERY] : SELECT dst,id FROM obd_cdr_2 WHERE user_id = '8' and sms_status = 'N' and disposition = 'ANSWERED' and billsec >= 7
17-09-2024 14:56:40 info: [select query select_cdr_1 request] : SELECT dst,id FROM obd_cdr_1 WHERE user_id = '8' and sms_status = 'N' and disposition = 'ANSWERED' and billsec >= 7
17-09-2024 14:56:40 info: [SQL QUERY] : SELECT dst,id FROM obd_cdr_1 WHERE user_id = '8' and sms_status = 'N' and disposition = 'ANSWERED' and billsec >= 7
17-09-2024 14:56:40 info: [SQL QUERY RESULT] : []
17-09-2024 14:56:40 info: [select query select_cdr_1_result response] : []
17-09-2024 14:56:40 info: [SQL QUERY RESULT] : []
17-09-2024 14:56:40 info: [select query select_cdr_1_result response] : []
17-09-2024 14:56:45 info: Cron Running 
17-09-2024 14:56:45 info: Calling cron send msg every 5 seconds
17-09-2024 14:56:45 info: [select query select_cdr_1 request] : SELECT dst,id FROM obd_cdr_2 WHERE user_id = '8' and sms_status = 'N' and disposition = 'ANSWERED' and billsec >= 7
17-09-2024 14:56:45 info: [SQL QUERY] : SELECT dst,id FROM obd_cdr_2 WHERE user_id = '8' and sms_status = 'N' and disposition = 'ANSWERED' and billsec >= 7
17-09-2024 14:56:45 info: [select query select_cdr_1 request] : SELECT dst,id FROM obd_cdr_1 WHERE user_id = '8' and sms_status = 'N' and disposition = 'ANSWERED' and billsec >= 7
17-09-2024 14:56:45 info: [SQL QUERY] : SELECT dst,id FROM obd_cdr_1 WHERE user_id = '8' and sms_status = 'N' and disposition = 'ANSWERED' and billsec >= 7
17-09-2024 14:56:45 info: [SQL QUERY RESULT] : []
17-09-2024 14:56:45 info: [select query select_cdr_1_result response] : []
17-09-2024 14:56:45 info: [SQL QUERY RESULT] : []
17-09-2024 14:56:45 info: [select query select_cdr_1_result response] : []
17-09-2024 14:56:50 info: Cron Running 
17-09-2024 14:56:50 info: Calling cron send msg every 5 seconds
17-09-2024 14:56:50 info: [select query select_cdr_1 request] : SELECT dst,id FROM obd_cdr_2 WHERE user_id = '8' and sms_status = 'N' and disposition = 'ANSWERED' and billsec >= 7
17-09-2024 14:56:50 info: [SQL QUERY] : SELECT dst,id FROM obd_cdr_2 WHERE user_id = '8' and sms_status = 'N' and disposition = 'ANSWERED' and billsec >= 7
17-09-2024 14:56:50 info: [select query select_cdr_1 request] : SELECT dst,id FROM obd_cdr_1 WHERE user_id = '8' and sms_status = 'N' and disposition = 'ANSWERED' and billsec >= 7
17-09-2024 14:56:50 info: [SQL QUERY] : SELECT dst,id FROM obd_cdr_1 WHERE user_id = '8' and sms_status = 'N' and disposition = 'ANSWERED' and billsec >= 7
17-09-2024 14:56:50 info: [SQL QUERY RESULT] : []
17-09-2024 14:56:50 info: [select query select_cdr_1_result response] : []
17-09-2024 14:56:50 info: [SQL QUERY RESULT] : []
17-09-2024 14:56:50 info: [select query select_cdr_1_result response] : []
17-09-2024 14:56:55 info: Cron Running 
17-09-2024 14:56:55 info: Calling cron send msg every 5 seconds
17-09-2024 14:56:55 info: [select query select_cdr_1 request] : SELECT dst,id FROM obd_cdr_2 WHERE user_id = '8' and sms_status = 'N' and disposition = 'ANSWERED' and billsec >= 7
17-09-2024 14:56:55 info: [SQL QUERY] : SELECT dst,id FROM obd_cdr_2 WHERE user_id = '8' and sms_status = 'N' and disposition = 'ANSWERED' and billsec >= 7
17-09-2024 14:56:55 info: [select query select_cdr_1 request] : SELECT dst,id FROM obd_cdr_1 WHERE user_id = '8' and sms_status = 'N' and disposition = 'ANSWERED' and billsec >= 7
17-09-2024 14:56:55 info: [SQL QUERY] : SELECT dst,id FROM obd_cdr_1 WHERE user_id = '8' and sms_status = 'N' and disposition = 'ANSWERED' and billsec >= 7
17-09-2024 14:56:55 info: [SQL QUERY RESULT] : []
17-09-2024 14:56:55 info: [select query select_cdr_1_result response] : []
17-09-2024 14:56:55 info: [SQL QUERY RESULT] : []
17-09-2024 14:56:55 info: [select query select_cdr_1_result response] : []
17-09-2024 14:57:00 info: Cron Running 
17-09-2024 14:57:00 info: Calling cron send msg every 5 seconds
17-09-2024 14:57:00 info: [select query select_cdr_1 request] : SELECT dst,id FROM obd_cdr_2 WHERE user_id = '8' and sms_status = 'N' and disposition = 'ANSWERED' and billsec >= 7
17-09-2024 14:57:00 info: [SQL QUERY] : SELECT dst,id FROM obd_cdr_2 WHERE user_id = '8' and sms_status = 'N' and disposition = 'ANSWERED' and billsec >= 7
17-09-2024 14:57:00 info: [select query select_cdr_1 request] : SELECT dst,id FROM obd_cdr_1 WHERE user_id = '8' and sms_status = 'N' and disposition = 'ANSWERED' and billsec >= 7
17-09-2024 14:57:00 info: [SQL QUERY] : SELECT dst,id FROM obd_cdr_1 WHERE user_id = '8' and sms_status = 'N' and disposition = 'ANSWERED' and billsec >= 7
17-09-2024 14:57:00 info: [SQL QUERY RESULT] : []
17-09-2024 14:57:00 info: [select query select_cdr_1_result response] : []
17-09-2024 14:57:00 info: [SQL QUERY RESULT] : []
17-09-2024 14:57:00 info: [select query select_cdr_1_result response] : []
